0 info it worked if it ends with ok
1 verbose cli [ 'node', '/usr/local/bin/npm', 'uninstall', 'node-sqlite3' ]
2 info using npm@3.9.5
3 info using node@v0.12.7
4 silly loadCurrentTree Starting
5 silly install loadCurrentTree
6 silly install readLocalPackageData
7 silly install normalizeTree
8 silly loadCurrentTree Finishing
9 silly loadIdealTree Starting
10 silly install loadIdealTree
11 silly cloneCurrentTree Starting
12 silly install cloneCurrentTreeToIdealTree
13 silly cloneCurrentTree Finishing
14 silly loadShrinkwrap Starting
15 silly install loadShrinkwrap
16 silly loadShrinkwrap Finishing
17 silly loadAllDepsIntoIdealTree Starting
18 silly uninstall loadAllDepsIntoIdealtree
19 silly loadAllDepsIntoIdealTree Finishing
20 silly idealTree:prePrune backend@0.0.0
20 silly idealTree:prePrune ├── abbrev@1.0.7
20 silly idealTree:prePrune ├── accepts@1.2.13
20 silly idealTree:prePrune ├── ansi-regex@2.0.0
20 silly idealTree:prePrune ├── ansi-styles@2.2.1
20 silly idealTree:prePrune ├── ansi@0.3.1
20 silly idealTree:prePrune ├── append-field@0.1.0
20 silly idealTree:prePrune ├── are-we-there-yet@1.1.2
20 silly idealTree:prePrune ├── arguejs@0.2.3
20 silly idealTree:prePrune ├── array-flatten@1.1.1
20 silly idealTree:prePrune ├── array-index@1.0.0
20 silly idealTree:prePrune ├── array-uniq@1.0.2
20 silly idealTree:prePrune ├── arrify@1.0.1
20 silly idealTree:prePrune ├── ascli@1.0.0
20 silly idealTree:prePrune ├── asn1@0.2.3
20 silly idealTree:prePrune ├── assert-plus@0.2.0
20 silly idealTree:prePrune ├── async@1.5.2
20 silly idealTree:prePrune ├── aws-sign2@0.6.0
20 silly idealTree:prePrune ├── aws4@1.4.1
20 silly idealTree:prePrune ├── balanced-match@0.4.1
20 silly idealTree:prePrune ├── base64-url@1.2.2
20 silly idealTree:prePrune ├─┬ base64url@1.0.6
20 silly idealTree:prePrune │ ├── concat-stream@1.4.10
20 silly idealTree:prePrune │ ├── isarray@0.0.1
20 silly idealTree:prePrune │ └── readable-stream@1.1.14
20 silly idealTree:prePrune ├── bl@1.1.2
20 silly idealTree:prePrune ├── block-stream@0.0.9
20 silly idealTree:prePrune ├── bluebird@2.10.2
20 silly idealTree:prePrune ├─┬ body-parser@1.15.1
20 silly idealTree:prePrune │ └── http-errors@1.4.0
20 silly idealTree:prePrune ├── boom@2.10.1
20 silly idealTree:prePrune ├── brace-expansion@1.1.4
20 silly idealTree:prePrune ├── buffer-equal-constant-time@1.0.1
20 silly idealTree:prePrune ├── buffer-equal@0.0.1
20 silly idealTree:prePrune ├── bufferview@1.0.1
20 silly idealTree:prePrune ├─┬ busboy@0.2.13
20 silly idealTree:prePrune │ ├── isarray@0.0.1
20 silly idealTree:prePrune │ └── readable-stream@1.1.14
20 silly idealTree:prePrune ├── bytebuffer@4.1.0
20 silly idealTree:prePrune ├── bytes@2.3.0
20 silly idealTree:prePrune ├── camelcase-keys@1.0.0
20 silly idealTree:prePrune ├── camelcase@1.2.1
20 silly idealTree:prePrune ├── capture-stack-trace@1.0.0
20 silly idealTree:prePrune ├── caseless@0.11.0
20 silly idealTree:prePrune ├── chalk@1.1.3
20 silly idealTree:prePrune ├── cliui@3.2.0
20 silly idealTree:prePrune ├── code-point-at@1.0.0
20 silly idealTree:prePrune ├── colour@0.7.1
20 silly idealTree:prePrune ├── combined-stream@1.0.5
20 silly idealTree:prePrune ├── commander@2.9.0
20 silly idealTree:prePrune ├── concat-map@0.0.1
20 silly idealTree:prePrune ├── concat-stream@1.5.1
20 silly idealTree:prePrune ├─┬ configstore@1.4.0
20 silly idealTree:prePrune │ └── object-assign@4.1.0
20 silly idealTree:prePrune ├── content-disposition@0.5.1
20 silly idealTree:prePrune ├── content-type@1.0.2
20 silly idealTree:prePrune ├── cookie-signature@1.0.6
20 silly idealTree:prePrune ├── cookie@0.1.5
20 silly idealTree:prePrune ├── core-util-is@1.0.2
20 silly idealTree:prePrune ├── create-error-class@2.0.1
20 silly idealTree:prePrune ├── cryptiles@2.0.5
20 silly idealTree:prePrune ├── crypto@0.0.3
20 silly idealTree:prePrune ├── ctype@0.5.3
20 silly idealTree:prePrune ├── d@0.1.1
20 silly idealTree:prePrune ├─┬ dashdash@1.13.1
20 silly idealTree:prePrune │ └── assert-plus@1.0.0
20 silly idealTree:prePrune ├─┬ debug@2.2.0
20 silly idealTree:prePrune │ └── ms@0.7.1
20 silly idealTree:prePrune ├── decamelize@1.2.0
20 silly idealTree:prePrune ├── delayed-stream@1.0.0
20 silly idealTree:prePrune ├── delegates@1.0.0
20 silly idealTree:prePrune ├── depd@1.1.0
20 silly idealTree:prePrune ├── destroy@1.0.4
20 silly idealTree:prePrune ├─┬ dicer@0.2.5
20 silly idealTree:prePrune │ ├── isarray@0.0.1
20 silly idealTree:prePrune │ └── readable-stream@1.1.14
20 silly idealTree:prePrune ├── dns-zonefile@0.1.18
20 silly idealTree:prePrune ├── duplexify@3.4.3
20 silly idealTree:prePrune ├── ecc-jsbn@0.1.1
20 silly idealTree:prePrune ├── ecdsa-sig-formatter@1.0.5
20 silly idealTree:prePrune ├── ee-first@1.1.1
20 silly idealTree:prePrune ├── end-of-stream@1.0.0
20 silly idealTree:prePrune ├── ent@2.2.0
20 silly idealTree:prePrune ├── error-ex@1.3.0
20 silly idealTree:prePrune ├── es5-ext@0.10.11
20 silly idealTree:prePrune ├── es6-iterator@2.0.0
20 silly idealTree:prePrune ├── es6-symbol@3.0.2
20 silly idealTree:prePrune ├── escape-html@1.0.3
20 silly idealTree:prePrune ├── escape-string-regexp@1.0.5
20 silly idealTree:prePrune ├── etag@1.7.0
20 silly idealTree:prePrune ├── express-json@1.0.0
20 silly idealTree:prePrune ├─┬ express@4.13.4
20 silly idealTree:prePrune │ └── qs@4.0.0
20 silly idealTree:prePrune ├── extend@3.0.0
20 silly idealTree:prePrune ├── extsprintf@1.0.2
20 silly idealTree:prePrune ├── fast-crc32c@1.0.2
20 silly idealTree:prePrune ├── finalhandler@0.4.1
20 silly idealTree:prePrune ├── forever-agent@0.6.1
20 silly idealTree:prePrune ├── form-data@1.0.0-rc4
20 silly idealTree:prePrune ├── forwarded@0.1.0
20 silly idealTree:prePrune ├── fresh@0.3.0
20 silly idealTree:prePrune ├── fs@0.0.2
20 silly idealTree:prePrune ├── fstream@1.0.9
20 silly idealTree:prePrune ├── gauge@1.2.7
20 silly idealTree:prePrune ├─┬ gce-images@0.2.3
20 silly idealTree:prePrune │ └── google-auto-auth@0.1.1
20 silly idealTree:prePrune ├── gcloud@0.34.0
20 silly idealTree:prePrune ├── gcs-resumable-upload@0.6.0
20 silly idealTree:prePrune ├── generate-function@2.0.0
20 silly idealTree:prePrune ├── generate-object-property@1.2.0
20 silly idealTree:prePrune ├── get-stdin@4.0.1
20 silly idealTree:prePrune ├─┬ getpass@0.1.6
20 silly idealTree:prePrune │ └── assert-plus@1.0.0
20 silly idealTree:prePrune ├── glob@5.0.15
20 silly idealTree:prePrune ├─┬ google-auth-library@0.9.8
20 silly idealTree:prePrune │ ├── asn1@0.1.11
20 silly idealTree:prePrune │ ├── assert-plus@0.1.5
20 silly idealTree:prePrune │ ├── async@1.4.2
20 silly idealTree:prePrune │ ├── aws-sign2@0.5.0
20 silly idealTree:prePrune │ ├── bl@1.0.3
20 silly idealTree:prePrune │ ├── har-validator@1.8.0
20 silly idealTree:prePrune │ ├── http-signature@0.11.0
20 silly idealTree:prePrune │ ├── qs@4.0.0
20 silly idealTree:prePrune │ └── request@2.60.0
20 silly idealTree:prePrune ├── google-auto-auth@0.2.4
20 silly idealTree:prePrune ├── google-p12-pem@0.1.0
20 silly idealTree:prePrune ├── google-proto-files@0.1.1
20 silly idealTree:prePrune ├─┬ got@4.2.0
20 silly idealTree:prePrune │ ├── pinkie-promise@1.0.0
20 silly idealTree:prePrune │ └── pinkie@1.0.0
20 silly idealTree:prePrune ├── graceful-fs@4.1.4
20 silly idealTree:prePrune ├── graceful-readlink@1.0.1
20 silly idealTree:prePrune ├─┬ grpc@0.14.1
20 silly idealTree:prePrune │ └─┬ node-pre-gyp@0.6.28
20 silly idealTree:prePrune │   ├─┬ mkdirp@0.5.1
20 silly idealTree:prePrune │   │ └── minimist@0.0.8
20 silly idealTree:prePrune │   ├─┬ nopt@3.0.6
20 silly idealTree:prePrune │   │ └── abbrev@1.0.7
20 silly idealTree:prePrune │   ├─┬ npmlog@2.0.3
20 silly idealTree:prePrune │   │ ├── ansi@0.3.1
20 silly idealTree:prePrune │   │ ├─┬ are-we-there-yet@1.1.2
20 silly idealTree:prePrune │   │ │ ├── delegates@1.0.0
20 silly idealTree:prePrune │   │ │ └─┬ readable-stream@2.1.2
20 silly idealTree:prePrune │   │ │   ├── core-util-is@1.0.2
20 silly idealTree:prePrune │   │ │   ├── inherits@2.0.1
20 silly idealTree:prePrune │   │ │   ├── isarray@1.0.0
20 silly idealTree:prePrune │   │ │   ├── process-nextick-args@1.0.7
20 silly idealTree:prePrune │   │ │   ├── string_decoder@0.10.31
20 silly idealTree:prePrune │   │ │   └── util-deprecate@1.0.2
20 silly idealTree:prePrune │   │ └─┬ gauge@1.2.7
20 silly idealTree:prePrune │   │   ├── has-unicode@2.0.0
20 silly idealTree:prePrune │   │   ├─┬ lodash.pad@4.3.0
20 silly idealTree:prePrune │   │   │ ├── lodash._baseslice@4.0.0
20 silly idealTree:prePrune │   │   │ └── lodash.tostring@4.1.2
20 silly idealTree:prePrune │   │   ├─┬ lodash.padend@4.4.0
20 silly idealTree:prePrune │   │   │ ├── lodash._baseslice@4.0.0
20 silly idealTree:prePrune │   │   │ └── lodash.tostring@4.1.2
20 silly idealTree:prePrune │   │   └─┬ lodash.padstart@4.4.0
20 silly idealTree:prePrune │   │     ├── lodash._baseslice@4.0.0
20 silly idealTree:prePrune │   │     └── lodash.tostring@4.1.2
20 silly idealTree:prePrune │   ├─┬ rc@1.1.6
20 silly idealTree:prePrune │   │ ├── deep-extend@0.4.1
20 silly idealTree:prePrune │   │ ├── ini@1.3.4
20 silly idealTree:prePrune │   │ ├── minimist@1.2.0
20 silly idealTree:prePrune │   │ └── strip-json-comments@1.0.4
20 silly idealTree:prePrune │   ├─┬ request@2.72.0
20 silly idealTree:prePrune │   │ ├── aws-sign2@0.6.0
20 silly idealTree:prePrune │   │ ├── aws4@1.4.1
20 silly idealTree:prePrune │   │ ├─┬ bl@1.1.2
20 silly idealTree:prePrune │   │ │ └─┬ readable-stream@2.0.6
20 silly idealTree:prePrune │   │ │   ├── core-util-is@1.0.2
20 silly idealTree:prePrune │   │ │   ├── inherits@2.0.1
20 silly idealTree:prePrune │   │ │   ├── isarray@1.0.0
20 silly idealTree:prePrune │   │ │   ├── process-nextick-args@1.0.7
20 silly idealTree:prePrune │   │ │   ├── string_decoder@0.10.31
20 silly idealTree:prePrune │   │ │   └── util-deprecate@1.0.2
20 silly idealTree:prePrune │   │ ├── caseless@0.11.0
20 silly idealTree:prePrune │   │ ├─┬ combined-stream@1.0.5
20 silly idealTree:prePrune │   │ │ └── delayed-stream@1.0.0
20 silly idealTree:prePrune │   │ ├── extend@3.0.0
20 silly idealTree:prePrune │   │ ├── forever-agent@0.6.1
20 silly idealTree:prePrune │   │ ├─┬ form-data@1.0.0-rc4
20 silly idealTree:prePrune │   │ │ └── async@1.5.2
20 silly idealTree:prePrune │   │ ├─┬ har-validator@2.0.6
20 silly idealTree:prePrune │   │ │ ├─┬ chalk@1.1.3
20 silly idealTree:prePrune │   │ │ │ ├── ansi-styles@2.2.1
20 silly idealTree:prePrune │   │ │ │ ├── escape-string-regexp@1.0.5
20 silly idealTree:prePrune │   │ │ │ ├─┬ has-ansi@2.0.0
20 silly idealTree:prePrune │   │ │ │ │ └── ansi-regex@2.0.0
20 silly idealTree:prePrune │   │ │ │ ├─┬ strip-ansi@3.0.1
20 silly idealTree:prePrune │   │ │ │ │ └── ansi-regex@2.0.0
20 silly idealTree:prePrune │   │ │ │ └── supports-color@2.0.0
20 silly idealTree:prePrune │   │ │ ├─┬ commander@2.9.0
20 silly idealTree:prePrune │   │ │ │ └── graceful-readlink@1.0.1
20 silly idealTree:prePrune │   │ │ ├─┬ is-my-json-valid@2.13.1
20 silly idealTree:prePrune │   │ │ │ ├── generate-function@2.0.0
20 silly idealTree:prePrune │   │ │ │ ├─┬ generate-object-property@1.2.0
20 silly idealTree:prePrune │   │ │ │ │ └── is-property@1.0.2
20 silly idealTree:prePrune │   │ │ │ ├── jsonpointer@2.0.0
20 silly idealTree:prePrune │   │ │ │ └── xtend@4.0.1
20 silly idealTree:prePrune │   │ │ └─┬ pinkie-promise@2.0.1
20 silly idealTree:prePrune │   │ │   └── pinkie@2.0.4
20 silly idealTree:prePrune │   │ ├─┬ hawk@3.1.3
20 silly idealTree:prePrune │   │ │ ├── boom@2.10.1
20 silly idealTree:prePrune │   │ │ ├── cryptiles@2.0.5
20 silly idealTree:prePrune │   │ │ ├── hoek@2.16.3
20 silly idealTree:prePrune │   │ │ └── sntp@1.0.9
20 silly idealTree:prePrune │   │ ├─┬ http-signature@1.1.1
20 silly idealTree:prePrune │   │ │ ├── assert-plus@0.2.0
20 silly idealTree:prePrune │   │ │ ├─┬ jsprim@1.2.2
20 silly idealTree:prePrune │   │ │ │ ├── extsprintf@1.0.2
20 silly idealTree:prePrune │   │ │ │ ├── json-schema@0.2.2
20 silly idealTree:prePrune │   │ │ │ └── verror@1.3.6
20 silly idealTree:prePrune │   │ │ └─┬ sshpk@1.8.3
20 silly idealTree:prePrune │   │ │   ├── asn1@0.2.3
20 silly idealTree:prePrune │   │ │   ├── assert-plus@1.0.0
20 silly idealTree:prePrune │   │ │   ├── dashdash@1.13.1
20 silly idealTree:prePrune │   │ │   ├── ecc-jsbn@0.1.1
20 silly idealTree:prePrune │   │ │   ├── getpass@0.1.6
20 silly idealTree:prePrune │   │ │   ├── jodid25519@1.0.2
20 silly idealTree:prePrune │   │ │   ├── jsbn@0.1.0
20 silly idealTree:prePrune │   │ │   └── tweetnacl@0.13.3
20 silly idealTree:prePrune │   │ ├── is-typedarray@1.0.0
20 silly idealTree:prePrune │   │ ├── isstream@0.1.2
20 silly idealTree:prePrune │   │ ├── json-stringify-safe@5.0.1
20 silly idealTree:prePrune │   │ ├─┬ mime-types@2.1.11
20 silly idealTree:prePrune │   │ │ └── mime-db@1.23.0
20 silly idealTree:prePrune │   │ ├── node-uuid@1.4.7
20 silly idealTree:prePrune │   │ ├── oauth-sign@0.8.2
20 silly idealTree:prePrune │   │ ├── qs@6.1.0
20 silly idealTree:prePrune │   │ ├── stringstream@0.0.5
20 silly idealTree:prePrune │   │ ├── tough-cookie@2.2.2
20 silly idealTree:prePrune │   │ └── tunnel-agent@0.4.3
20 silly idealTree:prePrune │   ├─┬ rimraf@2.5.2
20 silly idealTree:prePrune │   │ └─┬ glob@7.0.3
20 silly idealTree:prePrune │   │   ├─┬ inflight@1.0.4
20 silly idealTree:prePrune │   │   │ └── wrappy@1.0.1
20 silly idealTree:prePrune │   │   ├── inherits@2.0.1
20 silly idealTree:prePrune │   │   ├─┬ minimatch@3.0.0
20 silly idealTree:prePrune │   │   │ └─┬ brace-expansion@1.1.4
20 silly idealTree:prePrune │   │   │   ├── balanced-match@0.4.1
20 silly idealTree:prePrune │   │   │   └── concat-map@0.0.1
20 silly idealTree:prePrune │   │   ├─┬ once@1.3.3
20 silly idealTree:prePrune │   │   │ └── wrappy@1.0.1
20 silly idealTree:prePrune │   │   └── path-is-absolute@1.0.0
20 silly idealTree:prePrune │   ├── semver@5.1.0
20 silly idealTree:prePrune │   ├─┬ tar-pack@3.1.3
20 silly idealTree:prePrune │   │ ├─┬ debug@2.2.0
20 silly idealTree:prePrune │   │ │ └── ms@0.7.1
20 silly idealTree:prePrune │   │ ├─┬ fstream-ignore@1.0.4
20 silly idealTree:prePrune │   │ │ ├── inherits@2.0.1
20 silly idealTree:prePrune │   │ │ └─┬ minimatch@3.0.0
20 silly idealTree:prePrune │   │ │   └─┬ brace-expansion@1.1.4
20 silly idealTree:prePrune │   │ │     ├── balanced-match@0.4.1
20 silly idealTree:prePrune │   │ │     └── concat-map@0.0.1
20 silly idealTree:prePrune │   │ ├─┬ fstream@1.0.8
20 silly idealTree:prePrune │   │ │ ├── graceful-fs@4.1.4
20 silly idealTree:prePrune │   │ │ └── inherits@2.0.1
20 silly idealTree:prePrune │   │ ├─┬ once@1.3.3
20 silly idealTree:prePrune │   │ │ └── wrappy@1.0.1
20 silly idealTree:prePrune │   │ ├─┬ readable-stream@2.0.6
20 silly idealTree:prePrune │   │ │ ├── core-util-is@1.0.2
20 silly idealTree:prePrune │   │ │ ├── inherits@2.0.1
20 silly idealTree:prePrune │   │ │ ├── isarray@1.0.0
20 silly idealTree:prePrune │   │ │ ├── process-nextick-args@1.0.7
20 silly idealTree:prePrune │   │ │ ├── string_decoder@0.10.31
20 silly idealTree:prePrune │   │ │ └── util-deprecate@1.0.2
20 silly idealTree:prePrune │   │ └── uid-number@0.0.6
20 silly idealTree:prePrune │   └─┬ tar@2.2.1
20 silly idealTree:prePrune │     ├── block-stream@0.0.9
20 silly idealTree:prePrune │     ├─┬ fstream@1.0.8
20 silly idealTree:prePrune │     │ └── graceful-fs@4.1.4
20 silly idealTree:prePrune │     └── inherits@2.0.1
20 silly idealTree:prePrune ├── gtoken@1.2.0
20 silly idealTree:prePrune ├── har-validator@2.0.6
20 silly idealTree:prePrune ├── has-ansi@2.0.0
20 silly idealTree:prePrune ├── has-unicode@2.0.0
20 silly idealTree:prePrune ├── hash-stream-validation@0.1.3
20 silly idealTree:prePrune ├── hawk@3.1.3
20 silly idealTree:prePrune ├── hoek@2.16.3
20 silly idealTree:prePrune ├── http-errors@1.3.1
20 silly idealTree:prePrune ├── http-signature@1.1.1
20 silly idealTree:prePrune ├── iconv-lite@0.4.13
20 silly idealTree:prePrune ├── imurmurhash@0.1.4
20 silly idealTree:prePrune ├── indent-string@1.2.2
20 silly idealTree:prePrune ├── inflight@1.0.5
20 silly idealTree:prePrune ├── inherits@2.0.1
20 silly idealTree:prePrune ├── invert-kv@1.0.0
20 silly idealTree:prePrune ├── ipaddr.js@1.0.5
20 silly idealTree:prePrune ├── is-arrayish@0.2.1
20 silly idealTree:prePrune ├── is-finite@1.0.1
20 silly idealTree:prePrune ├── is-fullwidth-code-point@1.0.0
20 silly idealTree:prePrune ├── is-my-json-valid@2.13.1
20 silly idealTree:prePrune ├── is-plain-obj@1.1.0
20 silly idealTree:prePrune ├── is-property@1.0.2
20 silly idealTree:prePrune ├── is-redirect@1.0.0
20 silly idealTree:prePrune ├── is-stream-ended@0.1.0
20 silly idealTree:prePrune ├── is-stream@1.1.0
20 silly idealTree:prePrune ├── is-typedarray@1.0.0
20 silly idealTree:prePrune ├── is@3.1.0
20 silly idealTree:prePrune ├── isarray@1.0.0
20 silly idealTree:prePrune ├── isemail@1.2.0
20 silly idealTree:prePrune ├── isexe@1.1.2
20 silly idealTree:prePrune ├── isstream@0.1.2
20 silly idealTree:prePrune ├── jodid25519@1.0.2
20 silly idealTree:prePrune ├── joi@6.10.1
20 silly idealTree:prePrune ├── jsbn@0.1.0
20 silly idealTree:prePrune ├── json-schema@0.2.2
20 silly idealTree:prePrune ├── json-stringify-safe@5.0.1
20 silly idealTree:prePrune ├── jsonparse@1.2.0
20 silly idealTree:prePrune ├── jsonpointer@2.0.0
20 silly idealTree:prePrune ├── JSONStream@1.1.1
20 silly idealTree:prePrune ├── jsonwebtoken@7.0.0
20 silly idealTree:prePrune ├── jsprim@1.2.2
20 silly idealTree:prePrune ├─┬ jwa@1.0.2
20 silly idealTree:prePrune │ └── base64url@0.0.6
20 silly idealTree:prePrune ├── jws@3.0.0
20 silly idealTree:prePrune ├── lcid@1.0.0
20 silly idealTree:prePrune ├── lodash._baseslice@4.0.0
20 silly idealTree:prePrune ├── lodash._basetostring@4.12.0
20 silly idealTree:prePrune ├── lodash.noop@3.0.1
20 silly idealTree:prePrune ├── lodash.pad@4.4.0
20 silly idealTree:prePrune ├── lodash.padend@4.5.0
20 silly idealTree:prePrune ├── lodash.padstart@4.5.0
20 silly idealTree:prePrune ├── lodash.tostring@4.1.3
20 silly idealTree:prePrune ├── lodash@3.10.1
20 silly idealTree:prePrune ├── long@2.4.0
20 silly idealTree:prePrune ├── lowercase-keys@1.0.0
20 silly idealTree:prePrune ├── lru-cache@2.7.3
20 silly idealTree:prePrune ├── map-obj@1.0.1
20 silly idealTree:prePrune ├── media-typer@0.3.0
20 silly idealTree:prePrune ├─┬ meow@2.0.0
20 silly idealTree:prePrune │ └── object-assign@1.0.0
20 silly idealTree:prePrune ├── merge-descriptors@1.0.1
20 silly idealTree:prePrune ├── methmeth@1.1.0
20 silly idealTree:prePrune ├─┬ method-override@2.0.2
20 silly idealTree:prePrune │ ├── methods@1.0.1
20 silly idealTree:prePrune │ ├── parseurl@1.0.1
20 silly idealTree:prePrune │ └── vary@0.1.0
20 silly idealTree:prePrune ├── methods@1.1.2
20 silly idealTree:prePrune ├── mime-db@1.23.0
20 silly idealTree:prePrune ├── mime-types@2.1.11
20 silly idealTree:prePrune ├── mime@1.3.4
20 silly idealTree:prePrune ├── minimatch@3.0.0
20 silly idealTree:prePrune ├── minimist@1.2.0
20 silly idealTree:prePrune ├─┬ mkdirp@0.5.1
20 silly idealTree:prePrune │ └── minimist@0.0.8
20 silly idealTree:prePrune ├── modelo@4.2.0
20 silly idealTree:prePrune ├── moment@2.13.0
20 silly idealTree:prePrune ├─┬ mongoose@4.4.17
20 silly idealTree:prePrune │ ├── async@1.5.2
20 silly idealTree:prePrune │ ├── bson@0.4.23
20 silly idealTree:prePrune │ ├── hooks-fixed@1.1.0
20 silly idealTree:prePrune │ ├── kareem@1.0.1
20 silly idealTree:prePrune │ ├─┬ mongodb@2.1.18
20 silly idealTree:prePrune │ │ ├── es6-promise@3.0.2
20 silly idealTree:prePrune │ │ ├─┬ mongodb-core@1.3.18
20 silly idealTree:prePrune │ │ │ └─┬ require_optional@1.0.0
20 silly idealTree:prePrune │ │ │   ├── resolve-from@2.0.0
20 silly idealTree:prePrune │ │ │   └── semver@5.1.0
20 silly idealTree:prePrune │ │ └─┬ readable-stream@1.0.31
20 silly idealTree:prePrune │ │   ├── core-util-is@1.0.2
20 silly idealTree:prePrune │ │   ├── inherits@2.0.1
20 silly idealTree:prePrune │ │   ├── isarray@0.0.1
20 silly idealTree:prePrune │ │   └── string_decoder@0.10.31
20 silly idealTree:prePrune │ ├── mpath@0.2.1
20 silly idealTree:prePrune │ ├── mpromise@0.5.5
20 silly idealTree:prePrune │ ├─┬ mquery@1.10.0
20 silly idealTree:prePrune │ │ ├── bluebird@2.10.2
20 silly idealTree:prePrune │ │ ├── debug@2.2.0
20 silly idealTree:prePrune │ │ └── sliced@0.0.5
20 silly idealTree:prePrune │ ├── ms@0.7.1
20 silly idealTree:prePrune │ ├── muri@1.1.0
20 silly idealTree:prePrune │ ├── regexp-clone@0.0.1
20 silly idealTree:prePrune │ └── sliced@1.0.1
20 silly idealTree:prePrune ├─┬ morgan@1.6.1
20 silly idealTree:prePrune │ ├── basic-auth@1.0.4
20 silly idealTree:prePrune │ ├── depd@1.0.1
20 silly idealTree:prePrune │ ├─┬ on-finished@2.3.0
20 silly idealTree:prePrune │ │ └── ee-first@1.1.1
20 silly idealTree:prePrune │ └── on-headers@1.0.1
20 silly idealTree:prePrune ├── ms@0.7.1
20 silly idealTree:prePrune ├── multer@1.1.0
20 silly idealTree:prePrune ├── nan@2.3.3
20 silly idealTree:prePrune ├── nearest-neighbor@0.0.3
20 silly idealTree:prePrune ├── negotiator@0.5.3
20 silly idealTree:prePrune ├── node-forge@0.6.39
20 silly idealTree:prePrune ├─┬ node-gyp@3.3.1
20 silly idealTree:prePrune │ ├─┬ glob@4.5.3
20 silly idealTree:prePrune │ │ └── minimatch@2.0.10
20 silly idealTree:prePrune │ └── minimatch@1.0.0
20 silly idealTree:prePrune ├── node-status-codes@1.0.0
20 silly idealTree:prePrune ├── node-uuid@1.4.7
20 silly idealTree:prePrune ├── nopt@3.0.6
20 silly idealTree:prePrune ├── npmlog@2.0.4
20 silly idealTree:prePrune ├── number-is-nan@1.0.0
20 silly idealTree:prePrune ├── oauth-sign@0.8.2
20 silly idealTree:prePrune ├── object-assign@3.0.0
20 silly idealTree:prePrune ├── on-finished@2.3.0
20 silly idealTree:prePrune ├── once@1.3.3
20 silly idealTree:prePrune ├── optimist@0.3.7
20 silly idealTree:prePrune ├── optjs@3.2.2
20 silly idealTree:prePrune ├── os-homedir@1.0.1
20 silly idealTree:prePrune ├── os-locale@1.4.0
20 silly idealTree:prePrune ├── os-tmpdir@1.0.1
20 silly idealTree:prePrune ├── osenv@0.1.3
20 silly idealTree:prePrune ├── parse-json@2.2.0
20 silly idealTree:prePrune ├── parseurl@1.3.1
20 silly idealTree:prePrune ├── passport-local@1.0.0
20 silly idealTree:prePrune ├── passport-strategy@1.0.0
20 silly idealTree:prePrune ├── passport@0.3.2
20 silly idealTree:prePrune ├── path-array@1.0.1
20 silly idealTree:prePrune ├── path-is-absolute@1.0.0
20 silly idealTree:prePrune ├── path-to-regexp@0.1.7
20 silly idealTree:prePrune ├── pause@0.0.1
20 silly idealTree:prePrune ├── pinkie-promise@2.0.1
20 silly idealTree:prePrune ├── pinkie@2.0.4
20 silly idealTree:prePrune ├── prepend-http@1.0.4
20 silly idealTree:prePrune ├── process-nextick-args@1.0.7
20 silly idealTree:prePrune ├── prop-assign@1.0.0
20 silly idealTree:prePrune ├── propprop@0.3.0
20 silly idealTree:prePrune ├── protobufjs@4.1.3
20 silly idealTree:prePrune ├── proxy-addr@1.0.10
20 silly idealTree:prePrune ├─┬ pump@1.0.1
20 silly idealTree:prePrune │ └── end-of-stream@1.1.0
20 silly idealTree:prePrune ├── pumpify@1.3.4
20 silly idealTree:prePrune ├── qs@6.1.0
20 silly idealTree:prePrune ├── range-parser@1.0.3
20 silly idealTree:prePrune ├── raw-body@2.1.6
20 silly idealTree:prePrune ├── read-all-stream@3.1.0
20 silly idealTree:prePrune ├── readable-stream@2.0.6
20 silly idealTree:prePrune ├── rebuild@0.1.2
20 silly idealTree:prePrune ├── repeating@1.1.3
20 silly idealTree:prePrune ├── request@2.72.0
20 silly idealTree:prePrune ├── retry-request@1.2.4
20 silly idealTree:prePrune ├── rgb-hex@1.0.0
20 silly idealTree:prePrune ├─┬ rimraf@2.5.2
20 silly idealTree:prePrune │ └── glob@7.0.3
20 silly idealTree:prePrune ├── semver@5.1.0
20 silly idealTree:prePrune ├── send@0.13.1
20 silly idealTree:prePrune ├─┬ serve-favicon@2.3.0
20 silly idealTree:prePrune │ ├── etag@1.7.0
20 silly idealTree:prePrune │ ├── fresh@0.3.0
20 silly idealTree:prePrune │ ├── ms@0.7.1
20 silly idealTree:prePrune │ └── parseurl@1.3.1
20 silly idealTree:prePrune ├── serve-static@1.10.2
20 silly idealTree:prePrune ├── sigmund@1.0.1
20 silly idealTree:prePrune ├── slide@1.1.6
20 silly idealTree:prePrune ├── snake@0.0.1
20 silly idealTree:prePrune ├── sntp@1.0.9
20 silly idealTree:prePrune ├── split-array-stream@1.0.0
20 silly idealTree:prePrune ├── sqlite3@3.1.4
20 silly idealTree:prePrune ├─┬ sshpk@1.8.3
20 silly idealTree:prePrune │ └── assert-plus@1.0.0
20 silly idealTree:prePrune ├── statuses@1.2.1
20 silly idealTree:prePrune ├── stream-cache@0.0.2
20 silly idealTree:prePrune ├── stream-events@1.0.1
20 silly idealTree:prePrune ├── streamsearch@0.1.2
20 silly idealTree:prePrune ├── string_decoder@0.10.31
20 silly idealTree:prePrune ├── string-format-obj@1.1.0
20 silly idealTree:prePrune ├── string-template@0.2.1
20 silly idealTree:prePrune ├── string-width@1.0.1
20 silly idealTree:prePrune ├── stringstream@0.0.5
20 silly idealTree:prePrune ├── strip-ansi@3.0.1
20 silly idealTree:prePrune ├── stubs@1.1.2
20 silly idealTree:prePrune ├── supports-color@2.0.0
20 silly idealTree:prePrune ├── tar@2.2.1
20 silly idealTree:prePrune ├── term-canvas@0.0.5
20 silly idealTree:prePrune ├── through@2.3.8
20 silly idealTree:prePrune ├── through2@2.0.1
20 silly idealTree:prePrune ├── timed-out@2.0.0
20 silly idealTree:prePrune ├── topo@1.1.0
20 silly idealTree:prePrune ├── tough-cookie@2.2.2
20 silly idealTree:prePrune ├── tunnel-agent@0.4.3
20 silly idealTree:prePrune ├── tweetnacl@0.13.3
20 silly idealTree:prePrune ├── type-is@1.6.13
20 silly idealTree:prePrune ├── typedarray@0.0.6
20 silly idealTree:prePrune ├── unpipe@1.0.0
20 silly idealTree:prePrune ├── unzip-response@1.0.0
20 silly idealTree:prePrune ├── util-deprecate@1.0.2
20 silly idealTree:prePrune ├── utils-merge@1.0.0
20 silly idealTree:prePrune ├── uuid@2.0.2
20 silly idealTree:prePrune ├── vary@1.0.1
20 silly idealTree:prePrune ├── verror@1.3.6
20 silly idealTree:prePrune ├── which@1.2.9
20 silly idealTree:prePrune ├── window-size@0.1.4
20 silly idealTree:prePrune ├── wordwrap@0.0.3
20 silly idealTree:prePrune ├── wrap-ansi@2.0.0
20 silly idealTree:prePrune ├── wrappy@1.0.2
20 silly idealTree:prePrune ├── write-file-atomic@1.1.4
20 silly idealTree:prePrune ├── xdg-basedir@2.0.0
20 silly idealTree:prePrune ├── xtend@4.0.1
20 silly idealTree:prePrune ├── y18n@3.2.1
20 silly idealTree:prePrune └─┬ yargs@3.32.0
20 silly idealTree:prePrune   └── camelcase@2.1.1
21 silly loadIdealTree Finishing
22 silly currentTree backend@0.0.0
22 silly currentTree ├── abbrev@1.0.7
22 silly currentTree ├── accepts@1.2.13
22 silly currentTree ├── ansi-regex@2.0.0
22 silly currentTree ├── ansi-styles@2.2.1
22 silly currentTree ├── ansi@0.3.1
22 silly currentTree ├── append-field@0.1.0
22 silly currentTree ├── are-we-there-yet@1.1.2
22 silly currentTree ├── arguejs@0.2.3
22 silly currentTree ├── array-flatten@1.1.1
22 silly currentTree ├── array-index@1.0.0
22 silly currentTree ├── array-uniq@1.0.2
22 silly currentTree ├── arrify@1.0.1
22 silly currentTree ├── ascli@1.0.0
22 silly currentTree ├── asn1@0.2.3
22 silly currentTree ├── assert-plus@0.2.0
22 silly currentTree ├── async@1.5.2
22 silly currentTree ├── aws-sign2@0.6.0
22 silly currentTree ├── aws4@1.4.1
22 silly currentTree ├── balanced-match@0.4.1
22 silly currentTree ├── base64-url@1.2.2
22 silly currentTree ├─┬ base64url@1.0.6
22 silly currentTree │ ├── concat-stream@1.4.10
22 silly currentTree │ ├── isarray@0.0.1
22 silly currentTree │ └── readable-stream@1.1.14
22 silly currentTree ├── bl@1.1.2
22 silly currentTree ├── block-stream@0.0.9
22 silly currentTree ├── bluebird@2.10.2
22 silly currentTree ├─┬ body-parser@1.15.1
22 silly currentTree │ └── http-errors@1.4.0
22 silly currentTree ├── boom@2.10.1
22 silly currentTree ├── brace-expansion@1.1.4
22 silly currentTree ├── buffer-equal-constant-time@1.0.1
22 silly currentTree ├── buffer-equal@0.0.1
22 silly currentTree ├── bufferview@1.0.1
22 silly currentTree ├─┬ busboy@0.2.13
22 silly currentTree │ ├── isarray@0.0.1
22 silly currentTree │ └── readable-stream@1.1.14
22 silly currentTree ├── bytebuffer@4.1.0
22 silly currentTree ├── bytes@2.3.0
22 silly currentTree ├── camelcase-keys@1.0.0
22 silly currentTree ├── camelcase@1.2.1
22 silly currentTree ├── capture-stack-trace@1.0.0
22 silly currentTree ├── caseless@0.11.0
22 silly currentTree ├── chalk@1.1.3
22 silly currentTree ├── cliui@3.2.0
22 silly currentTree ├── code-point-at@1.0.0
22 silly currentTree ├── colour@0.7.1
22 silly currentTree ├── combined-stream@1.0.5
22 silly currentTree ├── commander@2.9.0
22 silly currentTree ├── concat-map@0.0.1
22 silly currentTree ├── concat-stream@1.5.1
22 silly currentTree ├─┬ configstore@1.4.0
22 silly currentTree │ └── object-assign@4.1.0
22 silly currentTree ├── content-disposition@0.5.1
22 silly currentTree ├── content-type@1.0.2
22 silly currentTree ├── cookie-signature@1.0.6
22 silly currentTree ├── cookie@0.1.5
22 silly currentTree ├── core-util-is@1.0.2
22 silly currentTree ├── create-error-class@2.0.1
22 silly currentTree ├── cryptiles@2.0.5
22 silly currentTree ├── crypto@0.0.3
22 silly currentTree ├── ctype@0.5.3
22 silly currentTree ├── d@0.1.1
22 silly currentTree ├─┬ dashdash@1.13.1
22 silly currentTree │ └── assert-plus@1.0.0
22 silly currentTree ├─┬ debug@2.2.0
22 silly currentTree │ └── ms@0.7.1
22 silly currentTree ├── decamelize@1.2.0
22 silly currentTree ├── delayed-stream@1.0.0
22 silly currentTree ├── delegates@1.0.0
22 silly currentTree ├── depd@1.1.0
22 silly currentTree ├── destroy@1.0.4
22 silly currentTree ├─┬ dicer@0.2.5
22 silly currentTree │ ├── isarray@0.0.1
22 silly currentTree │ └── readable-stream@1.1.14
22 silly currentTree ├── dns-zonefile@0.1.18
22 silly currentTree ├── duplexify@3.4.3
22 silly currentTree ├── ecc-jsbn@0.1.1
22 silly currentTree ├── ecdsa-sig-formatter@1.0.5
22 silly currentTree ├── ee-first@1.1.1
22 silly currentTree ├── end-of-stream@1.0.0
22 silly currentTree ├── ent@2.2.0
22 silly currentTree ├── error-ex@1.3.0
22 silly currentTree ├── es5-ext@0.10.11
22 silly currentTree ├── es6-iterator@2.0.0
22 silly currentTree ├── es6-symbol@3.0.2
22 silly currentTree ├── escape-html@1.0.3
22 silly currentTree ├── escape-string-regexp@1.0.5
22 silly currentTree ├── etag@1.7.0
22 silly currentTree ├── express-json@1.0.0
22 silly currentTree ├─┬ express@4.13.4
22 silly currentTree │ └── qs@4.0.0
22 silly currentTree ├── extend@3.0.0
22 silly currentTree ├── extsprintf@1.0.2
22 silly currentTree ├── fast-crc32c@1.0.2
22 silly currentTree ├── finalhandler@0.4.1
22 silly currentTree ├── forever-agent@0.6.1
22 silly currentTree ├── form-data@1.0.0-rc4
22 silly currentTree ├── forwarded@0.1.0
22 silly currentTree ├── fresh@0.3.0
22 silly currentTree ├── fs@0.0.2
22 silly currentTree ├── fstream@1.0.9
22 silly currentTree ├── gauge@1.2.7
22 silly currentTree ├─┬ gce-images@0.2.3
22 silly currentTree │ └── google-auto-auth@0.1.1
22 silly currentTree ├── gcloud@0.34.0
22 silly currentTree ├── gcs-resumable-upload@0.6.0
22 silly currentTree ├── generate-function@2.0.0
22 silly currentTree ├── generate-object-property@1.2.0
22 silly currentTree ├── get-stdin@4.0.1
22 silly currentTree ├─┬ getpass@0.1.6
22 silly currentTree │ └── assert-plus@1.0.0
22 silly currentTree ├── glob@5.0.15
22 silly currentTree ├─┬ google-auth-library@0.9.8
22 silly currentTree │ ├── asn1@0.1.11
22 silly currentTree │ ├── assert-plus@0.1.5
22 silly currentTree │ ├── async@1.4.2
22 silly currentTree │ ├── aws-sign2@0.5.0
22 silly currentTree │ ├── bl@1.0.3
22 silly currentTree │ ├── har-validator@1.8.0
22 silly currentTree │ ├── http-signature@0.11.0
22 silly currentTree │ ├── qs@4.0.0
22 silly currentTree │ └── request@2.60.0
22 silly currentTree ├── google-auto-auth@0.2.4
22 silly currentTree ├── google-p12-pem@0.1.0
22 silly currentTree ├── google-proto-files@0.1.1
22 silly currentTree ├─┬ got@4.2.0
22 silly currentTree │ ├── pinkie-promise@1.0.0
22 silly currentTree │ └── pinkie@1.0.0
22 silly currentTree ├── graceful-fs@4.1.4
22 silly currentTree ├── graceful-readlink@1.0.1
22 silly currentTree ├─┬ grpc@0.14.1
22 silly currentTree │ └─┬ node-pre-gyp@0.6.28
22 silly currentTree │   ├─┬ mkdirp@0.5.1
22 silly currentTree │   │ └── minimist@0.0.8
22 silly currentTree │   ├─┬ nopt@3.0.6
22 silly currentTree │   │ └── abbrev@1.0.7
22 silly currentTree │   ├─┬ npmlog@2.0.3
22 silly currentTree │   │ ├── ansi@0.3.1
22 silly currentTree │   │ ├─┬ are-we-there-yet@1.1.2
22 silly currentTree │   │ │ ├── delegates@1.0.0
22 silly currentTree │   │ │ └─┬ readable-stream@2.1.2
22 silly currentTree │   │ │   ├── core-util-is@1.0.2
22 silly currentTree │   │ │   ├── inherits@2.0.1
22 silly currentTree │   │ │   ├── isarray@1.0.0
22 silly currentTree │   │ │   ├── process-nextick-args@1.0.7
22 silly currentTree │   │ │   ├── string_decoder@0.10.31
22 silly currentTree │   │ │   └── util-deprecate@1.0.2
22 silly currentTree │   │ └─┬ gauge@1.2.7
22 silly currentTree │   │   ├── has-unicode@2.0.0
22 silly currentTree │   │   ├─┬ lodash.pad@4.3.0
22 silly currentTree │   │   │ ├── lodash._baseslice@4.0.0
22 silly currentTree │   │   │ └── lodash.tostring@4.1.2
22 silly currentTree │   │   ├─┬ lodash.padend@4.4.0
22 silly currentTree │   │   │ ├── lodash._baseslice@4.0.0
22 silly currentTree │   │   │ └── lodash.tostring@4.1.2
22 silly currentTree │   │   └─┬ lodash.padstart@4.4.0
22 silly currentTree │   │     ├── lodash._baseslice@4.0.0
22 silly currentTree │   │     └── lodash.tostring@4.1.2
22 silly currentTree │   ├─┬ rc@1.1.6
22 silly currentTree │   │ ├── deep-extend@0.4.1
22 silly currentTree │   │ ├── ini@1.3.4
22 silly currentTree │   │ ├── minimist@1.2.0
22 silly currentTree │   │ └── strip-json-comments@1.0.4
22 silly currentTree │   ├─┬ request@2.72.0
22 silly currentTree │   │ ├── aws-sign2@0.6.0
22 silly currentTree │   │ ├── aws4@1.4.1
22 silly currentTree │   │ ├─┬ bl@1.1.2
22 silly currentTree │   │ │ └─┬ readable-stream@2.0.6
22 silly currentTree │   │ │   ├── core-util-is@1.0.2
22 silly currentTree │   │ │   ├── inherits@2.0.1
22 silly currentTree │   │ │   ├── isarray@1.0.0
22 silly currentTree │   │ │   ├── process-nextick-args@1.0.7
22 silly currentTree │   │ │   ├── string_decoder@0.10.31
22 silly currentTree │   │ │   └── util-deprecate@1.0.2
22 silly currentTree │   │ ├── caseless@0.11.0
22 silly currentTree │   │ ├─┬ combined-stream@1.0.5
22 silly currentTree │   │ │ └── delayed-stream@1.0.0
22 silly currentTree │   │ ├── extend@3.0.0
22 silly currentTree │   │ ├── forever-agent@0.6.1
22 silly currentTree │   │ ├─┬ form-data@1.0.0-rc4
22 silly currentTree │   │ │ └── async@1.5.2
22 silly currentTree │   │ ├─┬ har-validator@2.0.6
22 silly currentTree │   │ │ ├─┬ chalk@1.1.3
22 silly currentTree │   │ │ │ ├── ansi-styles@2.2.1
22 silly currentTree │   │ │ │ ├── escape-string-regexp@1.0.5
22 silly currentTree │   │ │ │ ├─┬ has-ansi@2.0.0
22 silly currentTree │   │ │ │ │ └── ansi-regex@2.0.0
22 silly currentTree │   │ │ │ ├─┬ strip-ansi@3.0.1
22 silly currentTree │   │ │ │ │ └── ansi-regex@2.0.0
22 silly currentTree │   │ │ │ └── supports-color@2.0.0
22 silly currentTree │   │ │ ├─┬ commander@2.9.0
22 silly currentTree │   │ │ │ └── graceful-readlink@1.0.1
22 silly currentTree │   │ │ ├─┬ is-my-json-valid@2.13.1
22 silly currentTree │   │ │ │ ├── generate-function@2.0.0
22 silly currentTree │   │ │ │ ├─┬ generate-object-property@1.2.0
22 silly currentTree │   │ │ │ │ └── is-property@1.0.2
22 silly currentTree │   │ │ │ ├── jsonpointer@2.0.0
22 silly currentTree │   │ │ │ └── xtend@4.0.1
22 silly currentTree │   │ │ └─┬ pinkie-promise@2.0.1
22 silly currentTree │   │ │   └── pinkie@2.0.4
22 silly currentTree │   │ ├─┬ hawk@3.1.3
22 silly currentTree │   │ │ ├── boom@2.10.1
22 silly currentTree │   │ │ ├── cryptiles@2.0.5
22 silly currentTree │   │ │ ├── hoek@2.16.3
22 silly currentTree │   │ │ └── sntp@1.0.9
22 silly currentTree │   │ ├─┬ http-signature@1.1.1
22 silly currentTree │   │ │ ├── assert-plus@0.2.0
22 silly currentTree │   │ │ ├─┬ jsprim@1.2.2
22 silly currentTree │   │ │ │ ├── extsprintf@1.0.2
22 silly currentTree │   │ │ │ ├── json-schema@0.2.2
22 silly currentTree │   │ │ │ └── verror@1.3.6
22 silly currentTree │   │ │ └─┬ sshpk@1.8.3
22 silly currentTree │   │ │   ├── asn1@0.2.3
22 silly currentTree │   │ │   ├── assert-plus@1.0.0
22 silly currentTree │   │ │   ├── dashdash@1.13.1
22 silly currentTree │   │ │   ├── ecc-jsbn@0.1.1
22 silly currentTree │   │ │   ├── getpass@0.1.6
22 silly currentTree │   │ │   ├── jodid25519@1.0.2
22 silly currentTree │   │ │   ├── jsbn@0.1.0
22 silly currentTree │   │ │   └── tweetnacl@0.13.3
22 silly currentTree │   │ ├── is-typedarray@1.0.0
22 silly currentTree │   │ ├── isstream@0.1.2
22 silly currentTree │   │ ├── json-stringify-safe@5.0.1
22 silly currentTree │   │ ├─┬ mime-types@2.1.11
22 silly currentTree │   │ │ └── mime-db@1.23.0
22 silly currentTree │   │ ├── node-uuid@1.4.7
22 silly currentTree │   │ ├── oauth-sign@0.8.2
22 silly currentTree │   │ ├── qs@6.1.0
22 silly currentTree │   │ ├── stringstream@0.0.5
22 silly currentTree │   │ ├── tough-cookie@2.2.2
22 silly currentTree │   │ └── tunnel-agent@0.4.3
22 silly currentTree │   ├─┬ rimraf@2.5.2
22 silly currentTree │   │ └─┬ glob@7.0.3
22 silly currentTree │   │   ├─┬ inflight@1.0.4
22 silly currentTree │   │   │ └── wrappy@1.0.1
22 silly currentTree │   │   ├── inherits@2.0.1
22 silly currentTree │   │   ├─┬ minimatch@3.0.0
22 silly currentTree │   │   │ └─┬ brace-expansion@1.1.4
22 silly currentTree │   │   │   ├── balanced-match@0.4.1
22 silly currentTree │   │   │   └── concat-map@0.0.1
22 silly currentTree │   │   ├─┬ once@1.3.3
22 silly currentTree │   │   │ └── wrappy@1.0.1
22 silly currentTree │   │   └── path-is-absolute@1.0.0
22 silly currentTree │   ├── semver@5.1.0
22 silly currentTree │   ├─┬ tar-pack@3.1.3
22 silly currentTree │   │ ├─┬ debug@2.2.0
22 silly currentTree │   │ │ └── ms@0.7.1
22 silly currentTree │   │ ├─┬ fstream-ignore@1.0.4
22 silly currentTree │   │ │ ├── inherits@2.0.1
22 silly currentTree │   │ │ └─┬ minimatch@3.0.0
22 silly currentTree │   │ │   └─┬ brace-expansion@1.1.4
22 silly currentTree │   │ │     ├── balanced-match@0.4.1
22 silly currentTree │   │ │     └── concat-map@0.0.1
22 silly currentTree │   │ ├─┬ fstream@1.0.8
22 silly currentTree │   │ │ ├── graceful-fs@4.1.4
22 silly currentTree │   │ │ └── inherits@2.0.1
22 silly currentTree │   │ ├─┬ once@1.3.3
22 silly currentTree │   │ │ └── wrappy@1.0.1
22 silly currentTree │   │ ├─┬ readable-stream@2.0.6
22 silly currentTree │   │ │ ├── core-util-is@1.0.2
22 silly currentTree │   │ │ ├── inherits@2.0.1
22 silly currentTree │   │ │ ├── isarray@1.0.0
22 silly currentTree │   │ │ ├── process-nextick-args@1.0.7
22 silly currentTree │   │ │ ├── string_decoder@0.10.31
22 silly currentTree │   │ │ └── util-deprecate@1.0.2
22 silly currentTree │   │ └── uid-number@0.0.6
22 silly currentTree │   └─┬ tar@2.2.1
22 silly currentTree │     ├── block-stream@0.0.9
22 silly currentTree │     ├─┬ fstream@1.0.8
22 silly currentTree │     │ └── graceful-fs@4.1.4
22 silly currentTree │     └── inherits@2.0.1
22 silly currentTree ├── gtoken@1.2.0
22 silly currentTree ├── har-validator@2.0.6
22 silly currentTree ├── has-ansi@2.0.0
22 silly currentTree ├── has-unicode@2.0.0
22 silly currentTree ├── hash-stream-validation@0.1.3
22 silly currentTree ├── hawk@3.1.3
22 silly currentTree ├── hoek@2.16.3
22 silly currentTree ├── http-errors@1.3.1
22 silly currentTree ├── http-signature@1.1.1
22 silly currentTree ├── iconv-lite@0.4.13
22 silly currentTree ├── imurmurhash@0.1.4
22 silly currentTree ├── indent-string@1.2.2
22 silly currentTree ├── inflight@1.0.5
22 silly currentTree ├── inherits@2.0.1
22 silly currentTree ├── invert-kv@1.0.0
22 silly currentTree ├── ipaddr.js@1.0.5
22 silly currentTree ├── is-arrayish@0.2.1
22 silly currentTree ├── is-finite@1.0.1
22 silly currentTree ├── is-fullwidth-code-point@1.0.0
22 silly currentTree ├── is-my-json-valid@2.13.1
22 silly currentTree ├── is-plain-obj@1.1.0
22 silly currentTree ├── is-property@1.0.2
22 silly currentTree ├── is-redirect@1.0.0
22 silly currentTree ├── is-stream-ended@0.1.0
22 silly currentTree ├── is-stream@1.1.0
22 silly currentTree ├── is-typedarray@1.0.0
22 silly currentTree ├── is@3.1.0
22 silly currentTree ├── isarray@1.0.0
22 silly currentTree ├── isemail@1.2.0
22 silly currentTree ├── isexe@1.1.2
22 silly currentTree ├── isstream@0.1.2
22 silly currentTree ├── jodid25519@1.0.2
22 silly currentTree ├── joi@6.10.1
22 silly currentTree ├── jsbn@0.1.0
22 silly currentTree ├── json-schema@0.2.2
22 silly currentTree ├── json-stringify-safe@5.0.1
22 silly currentTree ├── jsonparse@1.2.0
22 silly currentTree ├── jsonpointer@2.0.0
22 silly currentTree ├── JSONStream@1.1.1
22 silly currentTree ├── jsonwebtoken@7.0.0
22 silly currentTree ├── jsprim@1.2.2
22 silly currentTree ├─┬ jwa@1.0.2
22 silly currentTree │ └── base64url@0.0.6
22 silly currentTree ├── jws@3.0.0
22 silly currentTree ├── lcid@1.0.0
22 silly currentTree ├── lodash._baseslice@4.0.0
22 silly currentTree ├── lodash._basetostring@4.12.0
22 silly currentTree ├── lodash.noop@3.0.1
22 silly currentTree ├── lodash.pad@4.4.0
22 silly currentTree ├── lodash.padend@4.5.0
22 silly currentTree ├── lodash.padstart@4.5.0
22 silly currentTree ├── lodash.tostring@4.1.3
22 silly currentTree ├── lodash@3.10.1
22 silly currentTree ├── long@2.4.0
22 silly currentTree ├── lowercase-keys@1.0.0
22 silly currentTree ├── lru-cache@2.7.3
22 silly currentTree ├── map-obj@1.0.1
22 silly currentTree ├── media-typer@0.3.0
22 silly currentTree ├─┬ meow@2.0.0
22 silly currentTree │ └── object-assign@1.0.0
22 silly currentTree ├── merge-descriptors@1.0.1
22 silly currentTree ├── methmeth@1.1.0
22 silly currentTree ├─┬ method-override@2.0.2
22 silly currentTree │ ├── methods@1.0.1
22 silly currentTree │ ├── parseurl@1.0.1
22 silly currentTree │ └── vary@0.1.0
22 silly currentTree ├── methods@1.1.2
22 silly currentTree ├── mime-db@1.23.0
22 silly currentTree ├── mime-types@2.1.11
22 silly currentTree ├── mime@1.3.4
22 silly currentTree ├── minimatch@3.0.0
22 silly currentTree ├── minimist@1.2.0
22 silly currentTree ├─┬ mkdirp@0.5.1
22 silly currentTree │ └── minimist@0.0.8
22 silly currentTree ├── modelo@4.2.0
22 silly currentTree ├── moment@2.13.0
22 silly currentTree ├─┬ mongoose@4.4.17
22 silly currentTree │ ├── async@1.5.2
22 silly currentTree │ ├── bson@0.4.23
22 silly currentTree │ ├── hooks-fixed@1.1.0
22 silly currentTree │ ├── kareem@1.0.1
22 silly currentTree │ ├─┬ mongodb@2.1.18
22 silly currentTree │ │ ├── es6-promise@3.0.2
22 silly currentTree │ │ ├─┬ mongodb-core@1.3.18
22 silly currentTree │ │ │ └─┬ require_optional@1.0.0
22 silly currentTree │ │ │   ├── resolve-from@2.0.0
22 silly currentTree │ │ │   └── semver@5.1.0
22 silly currentTree │ │ └─┬ readable-stream@1.0.31
22 silly currentTree │ │   ├── core-util-is@1.0.2
22 silly currentTree │ │   ├── inherits@2.0.1
22 silly currentTree │ │   ├── isarray@0.0.1
22 silly currentTree │ │   └── string_decoder@0.10.31
22 silly currentTree │ ├── mpath@0.2.1
22 silly currentTree │ ├── mpromise@0.5.5
22 silly currentTree │ ├─┬ mquery@1.10.0
22 silly currentTree │ │ ├── bluebird@2.10.2
22 silly currentTree │ │ ├── debug@2.2.0
22 silly currentTree │ │ └── sliced@0.0.5
22 silly currentTree │ ├── ms@0.7.1
22 silly currentTree │ ├── muri@1.1.0
22 silly currentTree │ ├── regexp-clone@0.0.1
22 silly currentTree │ └── sliced@1.0.1
22 silly currentTree ├─┬ morgan@1.6.1
22 silly currentTree │ ├── basic-auth@1.0.4
22 silly currentTree │ ├── depd@1.0.1
22 silly currentTree │ ├─┬ on-finished@2.3.0
22 silly currentTree │ │ └── ee-first@1.1.1
22 silly currentTree │ └── on-headers@1.0.1
22 silly currentTree ├── ms@0.7.1
22 silly currentTree ├── multer@1.1.0
22 silly currentTree ├── nan@2.3.3
22 silly currentTree ├── nearest-neighbor@0.0.3
22 silly currentTree ├── negotiator@0.5.3
22 silly currentTree ├── node-forge@0.6.39
22 silly currentTree ├─┬ node-gyp@3.3.1
22 silly currentTree │ ├─┬ glob@4.5.3
22 silly currentTree │ │ └── minimatch@2.0.10
22 silly currentTree │ └── minimatch@1.0.0
22 silly currentTree ├── node-status-codes@1.0.0
22 silly currentTree ├── node-uuid@1.4.7
22 silly currentTree ├── nopt@3.0.6
22 silly currentTree ├── npmlog@2.0.4
22 silly currentTree ├── number-is-nan@1.0.0
22 silly currentTree ├── oauth-sign@0.8.2
22 silly currentTree ├── object-assign@3.0.0
22 silly currentTree ├── on-finished@2.3.0
22 silly currentTree ├── once@1.3.3
22 silly currentTree ├── optimist@0.3.7
22 silly currentTree ├── optjs@3.2.2
22 silly currentTree ├── os-homedir@1.0.1
22 silly currentTree ├── os-locale@1.4.0
22 silly currentTree ├── os-tmpdir@1.0.1
22 silly currentTree ├── osenv@0.1.3
22 silly currentTree ├── parse-json@2.2.0
22 silly currentTree ├── parseurl@1.3.1
22 silly currentTree ├── passport-local@1.0.0
22 silly currentTree ├── passport-strategy@1.0.0
22 silly currentTree ├── passport@0.3.2
22 silly currentTree ├── path-array@1.0.1
22 silly currentTree ├── path-is-absolute@1.0.0
22 silly currentTree ├── path-to-regexp@0.1.7
22 silly currentTree ├── pause@0.0.1
22 silly currentTree ├── pinkie-promise@2.0.1
22 silly currentTree ├── pinkie@2.0.4
22 silly currentTree ├── prepend-http@1.0.4
22 silly currentTree ├── process-nextick-args@1.0.7
22 silly currentTree ├── prop-assign@1.0.0
22 silly currentTree ├── propprop@0.3.0
22 silly currentTree ├── protobufjs@4.1.3
22 silly currentTree ├── proxy-addr@1.0.10
22 silly currentTree ├─┬ pump@1.0.1
22 silly currentTree │ └── end-of-stream@1.1.0
22 silly currentTree ├── pumpify@1.3.4
22 silly currentTree ├── qs@6.1.0
22 silly currentTree ├── range-parser@1.0.3
22 silly currentTree ├── raw-body@2.1.6
22 silly currentTree ├── read-all-stream@3.1.0
22 silly currentTree ├── readable-stream@2.0.6
22 silly currentTree ├── rebuild@0.1.2
22 silly currentTree ├── repeating@1.1.3
22 silly currentTree ├── request@2.72.0
22 silly currentTree ├── retry-request@1.2.4
22 silly currentTree ├── rgb-hex@1.0.0
22 silly currentTree ├─┬ rimraf@2.5.2
22 silly currentTree │ └── glob@7.0.3
22 silly currentTree ├── semver@5.1.0
22 silly currentTree ├── send@0.13.1
22 silly currentTree ├─┬ serve-favicon@2.3.0
22 silly currentTree │ ├── etag@1.7.0
22 silly currentTree │ ├── fresh@0.3.0
22 silly currentTree │ ├── ms@0.7.1
22 silly currentTree │ └── parseurl@1.3.1
22 silly currentTree ├── serve-static@1.10.2
22 silly currentTree ├── sigmund@1.0.1
22 silly currentTree ├── slide@1.1.6
22 silly currentTree ├── snake@0.0.1
22 silly currentTree ├── sntp@1.0.9
22 silly currentTree ├── split-array-stream@1.0.0
22 silly currentTree ├── sqlite3@3.1.4
22 silly currentTree ├─┬ sshpk@1.8.3
22 silly currentTree │ └── assert-plus@1.0.0
22 silly currentTree ├── statuses@1.2.1
22 silly currentTree ├── stream-cache@0.0.2
22 silly currentTree ├── stream-events@1.0.1
22 silly currentTree ├── streamsearch@0.1.2
22 silly currentTree ├── string_decoder@0.10.31
22 silly currentTree ├── string-format-obj@1.1.0
22 silly currentTree ├── string-template@0.2.1
22 silly currentTree ├── string-width@1.0.1
22 silly currentTree ├── stringstream@0.0.5
22 silly currentTree ├── strip-ansi@3.0.1
22 silly currentTree ├── stubs@1.1.2
22 silly currentTree ├── supports-color@2.0.0
22 silly currentTree ├── tar@2.2.1
22 silly currentTree ├── term-canvas@0.0.5
22 silly currentTree ├── through@2.3.8
22 silly currentTree ├── through2@2.0.1
22 silly currentTree ├── timed-out@2.0.0
22 silly currentTree ├── topo@1.1.0
22 silly currentTree ├── tough-cookie@2.2.2
22 silly currentTree ├── tunnel-agent@0.4.3
22 silly currentTree ├── tweetnacl@0.13.3
22 silly currentTree ├── type-is@1.6.13
22 silly currentTree ├── typedarray@0.0.6
22 silly currentTree ├── unpipe@1.0.0
22 silly currentTree ├── unzip-response@1.0.0
22 silly currentTree ├── util-deprecate@1.0.2
22 silly currentTree ├── utils-merge@1.0.0
22 silly currentTree ├── uuid@2.0.2
22 silly currentTree ├── vary@1.0.1
22 silly currentTree ├── verror@1.3.6
22 silly currentTree ├── which@1.2.9
22 silly currentTree ├── window-size@0.1.4
22 silly currentTree ├── wordwrap@0.0.3
22 silly currentTree ├── wrap-ansi@2.0.0
22 silly currentTree ├── wrappy@1.0.2
22 silly currentTree ├── write-file-atomic@1.1.4
22 silly currentTree ├── xdg-basedir@2.0.0
22 silly currentTree ├── xtend@4.0.1
22 silly currentTree ├── y18n@3.2.1
22 silly currentTree └─┬ yargs@3.32.0
22 silly currentTree   └── camelcase@2.1.1
23 silly idealTree backend@0.0.0
23 silly idealTree ├── abbrev@1.0.7
23 silly idealTree ├── accepts@1.2.13
23 silly idealTree ├── ansi-regex@2.0.0
23 silly idealTree ├── ansi-styles@2.2.1
23 silly idealTree ├── ansi@0.3.1
23 silly idealTree ├── append-field@0.1.0
23 silly idealTree ├── are-we-there-yet@1.1.2
23 silly idealTree ├── arguejs@0.2.3
23 silly idealTree ├── array-flatten@1.1.1
23 silly idealTree ├── array-index@1.0.0
23 silly idealTree ├── array-uniq@1.0.2
23 silly idealTree ├── arrify@1.0.1
23 silly idealTree ├── ascli@1.0.0
23 silly idealTree ├── asn1@0.2.3
23 silly idealTree ├── assert-plus@0.2.0
23 silly idealTree ├── async@1.5.2
23 silly idealTree ├── aws-sign2@0.6.0
23 silly idealTree ├── aws4@1.4.1
23 silly idealTree ├── balanced-match@0.4.1
23 silly idealTree ├── base64-url@1.2.2
23 silly idealTree ├─┬ base64url@1.0.6
23 silly idealTree │ ├── concat-stream@1.4.10
23 silly idealTree │ ├── isarray@0.0.1
23 silly idealTree │ └── readable-stream@1.1.14
23 silly idealTree ├── bl@1.1.2
23 silly idealTree ├── block-stream@0.0.9
23 silly idealTree ├── bluebird@2.10.2
23 silly idealTree ├─┬ body-parser@1.15.1
23 silly idealTree │ └── http-errors@1.4.0
23 silly idealTree ├── boom@2.10.1
23 silly idealTree ├── brace-expansion@1.1.4
23 silly idealTree ├── buffer-equal-constant-time@1.0.1
23 silly idealTree ├── buffer-equal@0.0.1
23 silly idealTree ├── bufferview@1.0.1
23 silly idealTree ├─┬ busboy@0.2.13
23 silly idealTree │ ├── isarray@0.0.1
23 silly idealTree │ └── readable-stream@1.1.14
23 silly idealTree ├── bytebuffer@4.1.0
23 silly idealTree ├── bytes@2.3.0
23 silly idealTree ├── camelcase-keys@1.0.0
23 silly idealTree ├── camelcase@1.2.1
23 silly idealTree ├── capture-stack-trace@1.0.0
23 silly idealTree ├── caseless@0.11.0
23 silly idealTree ├── chalk@1.1.3
23 silly idealTree ├── cliui@3.2.0
23 silly idealTree ├── code-point-at@1.0.0
23 silly idealTree ├── colour@0.7.1
23 silly idealTree ├── combined-stream@1.0.5
23 silly idealTree ├── commander@2.9.0
23 silly idealTree ├── concat-map@0.0.1
23 silly idealTree ├── concat-stream@1.5.1
23 silly idealTree ├─┬ configstore@1.4.0
23 silly idealTree │ └── object-assign@4.1.0
23 silly idealTree ├── content-disposition@0.5.1
23 silly idealTree ├── content-type@1.0.2
23 silly idealTree ├── cookie-signature@1.0.6
23 silly idealTree ├── cookie@0.1.5
23 silly idealTree ├── core-util-is@1.0.2
23 silly idealTree ├── create-error-class@2.0.1
23 silly idealTree ├── cryptiles@2.0.5
23 silly idealTree ├── crypto@0.0.3
23 silly idealTree ├── ctype@0.5.3
23 silly idealTree ├── d@0.1.1
23 silly idealTree ├─┬ dashdash@1.13.1
23 silly idealTree │ └── assert-plus@1.0.0
23 silly idealTree ├─┬ debug@2.2.0
23 silly idealTree │ └── ms@0.7.1
23 silly idealTree ├── decamelize@1.2.0
23 silly idealTree ├── delayed-stream@1.0.0
23 silly idealTree ├── delegates@1.0.0
23 silly idealTree ├── depd@1.1.0
23 silly idealTree ├── destroy@1.0.4
23 silly idealTree ├─┬ dicer@0.2.5
23 silly idealTree │ ├── isarray@0.0.1
23 silly idealTree │ └── readable-stream@1.1.14
23 silly idealTree ├── dns-zonefile@0.1.18
23 silly idealTree ├── duplexify@3.4.3
23 silly idealTree ├── ecc-jsbn@0.1.1
23 silly idealTree ├── ecdsa-sig-formatter@1.0.5
23 silly idealTree ├── ee-first@1.1.1
23 silly idealTree ├── end-of-stream@1.0.0
23 silly idealTree ├── ent@2.2.0
23 silly idealTree ├── error-ex@1.3.0
23 silly idealTree ├── es5-ext@0.10.11
23 silly idealTree ├── es6-iterator@2.0.0
23 silly idealTree ├── es6-symbol@3.0.2
23 silly idealTree ├── escape-html@1.0.3
23 silly idealTree ├── escape-string-regexp@1.0.5
23 silly idealTree ├── etag@1.7.0
23 silly idealTree ├── express-json@1.0.0
23 silly idealTree ├─┬ express@4.13.4
23 silly idealTree │ └── qs@4.0.0
23 silly idealTree ├── extend@3.0.0
23 silly idealTree ├── extsprintf@1.0.2
23 silly idealTree ├── fast-crc32c@1.0.2
23 silly idealTree ├── finalhandler@0.4.1
23 silly idealTree ├── forever-agent@0.6.1
23 silly idealTree ├── form-data@1.0.0-rc4
23 silly idealTree ├── forwarded@0.1.0
23 silly idealTree ├── fresh@0.3.0
23 silly idealTree ├── fs@0.0.2
23 silly idealTree ├── fstream@1.0.9
23 silly idealTree ├── gauge@1.2.7
23 silly idealTree ├─┬ gce-images@0.2.3
23 silly idealTree │ └── google-auto-auth@0.1.1
23 silly idealTree ├── gcloud@0.34.0
23 silly idealTree ├── gcs-resumable-upload@0.6.0
23 silly idealTree ├── generate-function@2.0.0
23 silly idealTree ├── generate-object-property@1.2.0
23 silly idealTree ├── get-stdin@4.0.1
23 silly idealTree ├─┬ getpass@0.1.6
23 silly idealTree │ └── assert-plus@1.0.0
23 silly idealTree ├── glob@5.0.15
23 silly idealTree ├─┬ google-auth-library@0.9.8
23 silly idealTree │ ├── asn1@0.1.11
23 silly idealTree │ ├── assert-plus@0.1.5
23 silly idealTree │ ├── async@1.4.2
23 silly idealTree │ ├── aws-sign2@0.5.0
23 silly idealTree │ ├── bl@1.0.3
23 silly idealTree │ ├── har-validator@1.8.0
23 silly idealTree │ ├── http-signature@0.11.0
23 silly idealTree │ ├── qs@4.0.0
23 silly idealTree │ └── request@2.60.0
23 silly idealTree ├── google-auto-auth@0.2.4
23 silly idealTree ├── google-p12-pem@0.1.0
23 silly idealTree ├── google-proto-files@0.1.1
23 silly idealTree ├─┬ got@4.2.0
23 silly idealTree │ ├── pinkie-promise@1.0.0
23 silly idealTree │ └── pinkie@1.0.0
23 silly idealTree ├── graceful-fs@4.1.4
23 silly idealTree ├── graceful-readlink@1.0.1
23 silly idealTree ├─┬ grpc@0.14.1
23 silly idealTree │ └─┬ node-pre-gyp@0.6.28
23 silly idealTree │   ├─┬ mkdirp@0.5.1
23 silly idealTree │   │ └── minimist@0.0.8
23 silly idealTree │   ├─┬ nopt@3.0.6
23 silly idealTree │   │ └── abbrev@1.0.7
23 silly idealTree │   ├─┬ npmlog@2.0.3
23 silly idealTree │   │ ├── ansi@0.3.1
23 silly idealTree │   │ ├─┬ are-we-there-yet@1.1.2
23 silly idealTree │   │ │ ├── delegates@1.0.0
23 silly idealTree │   │ │ └─┬ readable-stream@2.1.2
23 silly idealTree │   │ │   ├── core-util-is@1.0.2
23 silly idealTree │   │ │   ├── inherits@2.0.1
23 silly idealTree │   │ │   ├── isarray@1.0.0
23 silly idealTree │   │ │   ├── process-nextick-args@1.0.7
23 silly idealTree │   │ │   ├── string_decoder@0.10.31
23 silly idealTree │   │ │   └── util-deprecate@1.0.2
23 silly idealTree │   │ └─┬ gauge@1.2.7
23 silly idealTree │   │   ├── has-unicode@2.0.0
23 silly idealTree │   │   ├─┬ lodash.pad@4.3.0
23 silly idealTree │   │   │ ├── lodash._baseslice@4.0.0
23 silly idealTree │   │   │ └── lodash.tostring@4.1.2
23 silly idealTree │   │   ├─┬ lodash.padend@4.4.0
23 silly idealTree │   │   │ ├── lodash._baseslice@4.0.0
23 silly idealTree │   │   │ └── lodash.tostring@4.1.2
23 silly idealTree │   │   └─┬ lodash.padstart@4.4.0
23 silly idealTree │   │     ├── lodash._baseslice@4.0.0
23 silly idealTree │   │     └── lodash.tostring@4.1.2
23 silly idealTree │   ├─┬ rc@1.1.6
23 silly idealTree │   │ ├── deep-extend@0.4.1
23 silly idealTree │   │ ├── ini@1.3.4
23 silly idealTree │   │ ├── minimist@1.2.0
23 silly idealTree │   │ └── strip-json-comments@1.0.4
23 silly idealTree │   ├─┬ request@2.72.0
23 silly idealTree │   │ ├── aws-sign2@0.6.0
23 silly idealTree │   │ ├── aws4@1.4.1
23 silly idealTree │   │ ├─┬ bl@1.1.2
23 silly idealTree │   │ │ └─┬ readable-stream@2.0.6
23 silly idealTree │   │ │   ├── core-util-is@1.0.2
23 silly idealTree │   │ │   ├── inherits@2.0.1
23 silly idealTree │   │ │   ├── isarray@1.0.0
23 silly idealTree │   │ │   ├── process-nextick-args@1.0.7
23 silly idealTree │   │ │   ├── string_decoder@0.10.31
23 silly idealTree │   │ │   └── util-deprecate@1.0.2
23 silly idealTree │   │ ├── caseless@0.11.0
23 silly idealTree │   │ ├─┬ combined-stream@1.0.5
23 silly idealTree │   │ │ └── delayed-stream@1.0.0
23 silly idealTree │   │ ├── extend@3.0.0
23 silly idealTree │   │ ├── forever-agent@0.6.1
23 silly idealTree │   │ ├─┬ form-data@1.0.0-rc4
23 silly idealTree │   │ │ └── async@1.5.2
23 silly idealTree │   │ ├─┬ har-validator@2.0.6
23 silly idealTree │   │ │ ├─┬ chalk@1.1.3
23 silly idealTree │   │ │ │ ├── ansi-styles@2.2.1
23 silly idealTree │   │ │ │ ├── escape-string-regexp@1.0.5
23 silly idealTree │   │ │ │ ├─┬ has-ansi@2.0.0
23 silly idealTree │   │ │ │ │ └── ansi-regex@2.0.0
23 silly idealTree │   │ │ │ ├─┬ strip-ansi@3.0.1
23 silly idealTree │   │ │ │ │ └── ansi-regex@2.0.0
23 silly idealTree │   │ │ │ └── supports-color@2.0.0
23 silly idealTree │   │ │ ├─┬ commander@2.9.0
23 silly idealTree │   │ │ │ └── graceful-readlink@1.0.1
23 silly idealTree │   │ │ ├─┬ is-my-json-valid@2.13.1
23 silly idealTree │   │ │ │ ├── generate-function@2.0.0
23 silly idealTree │   │ │ │ ├─┬ generate-object-property@1.2.0
23 silly idealTree │   │ │ │ │ └── is-property@1.0.2
23 silly idealTree │   │ │ │ ├── jsonpointer@2.0.0
23 silly idealTree │   │ │ │ └── xtend@4.0.1
23 silly idealTree │   │ │ └─┬ pinkie-promise@2.0.1
23 silly idealTree │   │ │   └── pinkie@2.0.4
23 silly idealTree │   │ ├─┬ hawk@3.1.3
23 silly idealTree │   │ │ ├── boom@2.10.1
23 silly idealTree │   │ │ ├── cryptiles@2.0.5
23 silly idealTree │   │ │ ├── hoek@2.16.3
23 silly idealTree │   │ │ └── sntp@1.0.9
23 silly idealTree │   │ ├─┬ http-signature@1.1.1
23 silly idealTree │   │ │ ├── assert-plus@0.2.0
23 silly idealTree │   │ │ ├─┬ jsprim@1.2.2
23 silly idealTree │   │ │ │ ├── extsprintf@1.0.2
23 silly idealTree │   │ │ │ ├── json-schema@0.2.2
23 silly idealTree │   │ │ │ └── verror@1.3.6
23 silly idealTree │   │ │ └─┬ sshpk@1.8.3
23 silly idealTree │   │ │   ├── asn1@0.2.3
23 silly idealTree │   │ │   ├── assert-plus@1.0.0
23 silly idealTree │   │ │   ├── dashdash@1.13.1
23 silly idealTree │   │ │   ├── ecc-jsbn@0.1.1
23 silly idealTree │   │ │   ├── getpass@0.1.6
23 silly idealTree │   │ │   ├── jodid25519@1.0.2
23 silly idealTree │   │ │   ├── jsbn@0.1.0
23 silly idealTree │   │ │   └── tweetnacl@0.13.3
23 silly idealTree │   │ ├── is-typedarray@1.0.0
23 silly idealTree │   │ ├── isstream@0.1.2
23 silly idealTree │   │ ├── json-stringify-safe@5.0.1
23 silly idealTree │   │ ├─┬ mime-types@2.1.11
23 silly idealTree │   │ │ └── mime-db@1.23.0
23 silly idealTree │   │ ├── node-uuid@1.4.7
23 silly idealTree │   │ ├── oauth-sign@0.8.2
23 silly idealTree │   │ ├── qs@6.1.0
23 silly idealTree │   │ ├── stringstream@0.0.5
23 silly idealTree │   │ ├── tough-cookie@2.2.2
23 silly idealTree │   │ └── tunnel-agent@0.4.3
23 silly idealTree │   ├─┬ rimraf@2.5.2
23 silly idealTree │   │ └─┬ glob@7.0.3
23 silly idealTree │   │   ├─┬ inflight@1.0.4
23 silly idealTree │   │   │ └── wrappy@1.0.1
23 silly idealTree │   │   ├── inherits@2.0.1
23 silly idealTree │   │   ├─┬ minimatch@3.0.0
23 silly idealTree │   │   │ └─┬ brace-expansion@1.1.4
23 silly idealTree │   │   │   ├── balanced-match@0.4.1
23 silly idealTree │   │   │   └── concat-map@0.0.1
23 silly idealTree │   │   ├─┬ once@1.3.3
23 silly idealTree │   │   │ └── wrappy@1.0.1
23 silly idealTree │   │   └── path-is-absolute@1.0.0
23 silly idealTree │   ├── semver@5.1.0
23 silly idealTree │   ├─┬ tar-pack@3.1.3
23 silly idealTree │   │ ├─┬ debug@2.2.0
23 silly idealTree │   │ │ └── ms@0.7.1
23 silly idealTree │   │ ├─┬ fstream-ignore@1.0.4
23 silly idealTree │   │ │ ├── inherits@2.0.1
23 silly idealTree │   │ │ └─┬ minimatch@3.0.0
23 silly idealTree │   │ │   └─┬ brace-expansion@1.1.4
23 silly idealTree │   │ │     ├── balanced-match@0.4.1
23 silly idealTree │   │ │     └── concat-map@0.0.1
23 silly idealTree │   │ ├─┬ fstream@1.0.8
23 silly idealTree │   │ │ ├── graceful-fs@4.1.4
23 silly idealTree │   │ │ └── inherits@2.0.1
23 silly idealTree │   │ ├─┬ once@1.3.3
23 silly idealTree │   │ │ └── wrappy@1.0.1
23 silly idealTree │   │ ├─┬ readable-stream@2.0.6
23 silly idealTree │   │ │ ├── core-util-is@1.0.2
23 silly idealTree │   │ │ ├── inherits@2.0.1
23 silly idealTree │   │ │ ├── isarray@1.0.0
23 silly idealTree │   │ │ ├── process-nextick-args@1.0.7
23 silly idealTree │   │ │ ├── string_decoder@0.10.31
23 silly idealTree │   │ │ └── util-deprecate@1.0.2
23 silly idealTree │   │ └── uid-number@0.0.6
23 silly idealTree │   └─┬ tar@2.2.1
23 silly idealTree │     ├── block-stream@0.0.9
23 silly idealTree │     ├─┬ fstream@1.0.8
23 silly idealTree │     │ └── graceful-fs@4.1.4
23 silly idealTree │     └── inherits@2.0.1
23 silly idealTree ├── gtoken@1.2.0
23 silly idealTree ├── har-validator@2.0.6
23 silly idealTree ├── has-ansi@2.0.0
23 silly idealTree ├── has-unicode@2.0.0
23 silly idealTree ├── hash-stream-validation@0.1.3
23 silly idealTree ├── hawk@3.1.3
23 silly idealTree ├── hoek@2.16.3
23 silly idealTree ├── http-errors@1.3.1
23 silly idealTree ├── http-signature@1.1.1
23 silly idealTree ├── iconv-lite@0.4.13
23 silly idealTree ├── imurmurhash@0.1.4
23 silly idealTree ├── indent-string@1.2.2
23 silly idealTree ├── inflight@1.0.5
23 silly idealTree ├── inherits@2.0.1
23 silly idealTree ├── invert-kv@1.0.0
23 silly idealTree ├── ipaddr.js@1.0.5
23 silly idealTree ├── is-arrayish@0.2.1
23 silly idealTree ├── is-finite@1.0.1
23 silly idealTree ├── is-fullwidth-code-point@1.0.0
23 silly idealTree ├── is-my-json-valid@2.13.1
23 silly idealTree ├── is-plain-obj@1.1.0
23 silly idealTree ├── is-property@1.0.2
23 silly idealTree ├── is-redirect@1.0.0
23 silly idealTree ├── is-stream-ended@0.1.0
23 silly idealTree ├── is-stream@1.1.0
23 silly idealTree ├── is-typedarray@1.0.0
23 silly idealTree ├── is@3.1.0
23 silly idealTree ├── isarray@1.0.0
23 silly idealTree ├── isemail@1.2.0
23 silly idealTree ├── isexe@1.1.2
23 silly idealTree ├── isstream@0.1.2
23 silly idealTree ├── jodid25519@1.0.2
23 silly idealTree ├── joi@6.10.1
23 silly idealTree ├── jsbn@0.1.0
23 silly idealTree ├── json-schema@0.2.2
23 silly idealTree ├── json-stringify-safe@5.0.1
23 silly idealTree ├── jsonparse@1.2.0
23 silly idealTree ├── jsonpointer@2.0.0
23 silly idealTree ├── JSONStream@1.1.1
23 silly idealTree ├── jsonwebtoken@7.0.0
23 silly idealTree ├── jsprim@1.2.2
23 silly idealTree ├─┬ jwa@1.0.2
23 silly idealTree │ └── base64url@0.0.6
23 silly idealTree ├── jws@3.0.0
23 silly idealTree ├── lcid@1.0.0
23 silly idealTree ├── lodash._baseslice@4.0.0
23 silly idealTree ├── lodash._basetostring@4.12.0
23 silly idealTree ├── lodash.noop@3.0.1
23 silly idealTree ├── lodash.pad@4.4.0
23 silly idealTree ├── lodash.padend@4.5.0
23 silly idealTree ├── lodash.padstart@4.5.0
23 silly idealTree ├── lodash.tostring@4.1.3
23 silly idealTree ├── lodash@3.10.1
23 silly idealTree ├── long@2.4.0
23 silly idealTree ├── lowercase-keys@1.0.0
23 silly idealTree ├── lru-cache@2.7.3
23 silly idealTree ├── map-obj@1.0.1
23 silly idealTree ├── media-typer@0.3.0
23 silly idealTree ├─┬ meow@2.0.0
23 silly idealTree │ └── object-assign@1.0.0
23 silly idealTree ├── merge-descriptors@1.0.1
23 silly idealTree ├── methmeth@1.1.0
23 silly idealTree ├─┬ method-override@2.0.2
23 silly idealTree │ ├── methods@1.0.1
23 silly idealTree │ ├── parseurl@1.0.1
23 silly idealTree │ └── vary@0.1.0
23 silly idealTree ├── methods@1.1.2
23 silly idealTree ├── mime-db@1.23.0
23 silly idealTree ├── mime-types@2.1.11
23 silly idealTree ├── mime@1.3.4
23 silly idealTree ├── minimatch@3.0.0
23 silly idealTree ├── minimist@1.2.0
23 silly idealTree ├─┬ mkdirp@0.5.1
23 silly idealTree │ └── minimist@0.0.8
23 silly idealTree ├── modelo@4.2.0
23 silly idealTree ├── moment@2.13.0
23 silly idealTree ├─┬ mongoose@4.4.17
23 silly idealTree │ ├── async@1.5.2
23 silly idealTree │ ├── bson@0.4.23
23 silly idealTree │ ├── hooks-fixed@1.1.0
23 silly idealTree │ ├── kareem@1.0.1
23 silly idealTree │ ├─┬ mongodb@2.1.18
23 silly idealTree │ │ ├── es6-promise@3.0.2
23 silly idealTree │ │ ├─┬ mongodb-core@1.3.18
23 silly idealTree │ │ │ └─┬ require_optional@1.0.0
23 silly idealTree │ │ │   ├── resolve-from@2.0.0
23 silly idealTree │ │ │   └── semver@5.1.0
23 silly idealTree │ │ └─┬ readable-stream@1.0.31
23 silly idealTree │ │   ├── core-util-is@1.0.2
23 silly idealTree │ │   ├── inherits@2.0.1
23 silly idealTree │ │   ├── isarray@0.0.1
23 silly idealTree │ │   └── string_decoder@0.10.31
23 silly idealTree │ ├── mpath@0.2.1
23 silly idealTree │ ├── mpromise@0.5.5
23 silly idealTree │ ├─┬ mquery@1.10.0
23 silly idealTree │ │ ├── bluebird@2.10.2
23 silly idealTree │ │ ├── debug@2.2.0
23 silly idealTree │ │ └── sliced@0.0.5
23 silly idealTree │ ├── ms@0.7.1
23 silly idealTree │ ├── muri@1.1.0
23 silly idealTree │ ├── regexp-clone@0.0.1
23 silly idealTree │ └── sliced@1.0.1
23 silly idealTree ├─┬ morgan@1.6.1
23 silly idealTree │ ├── basic-auth@1.0.4
23 silly idealTree │ ├── depd@1.0.1
23 silly idealTree │ ├─┬ on-finished@2.3.0
23 silly idealTree │ │ └── ee-first@1.1.1
23 silly idealTree │ └── on-headers@1.0.1
23 silly idealTree ├── ms@0.7.1
23 silly idealTree ├── multer@1.1.0
23 silly idealTree ├── nan@2.3.3
23 silly idealTree ├── nearest-neighbor@0.0.3
23 silly idealTree ├── negotiator@0.5.3
23 silly idealTree ├── node-forge@0.6.39
23 silly idealTree ├─┬ node-gyp@3.3.1
23 silly idealTree │ ├─┬ glob@4.5.3
23 silly idealTree │ │ └── minimatch@2.0.10
23 silly idealTree │ └── minimatch@1.0.0
23 silly idealTree ├── node-status-codes@1.0.0
23 silly idealTree ├── node-uuid@1.4.7
23 silly idealTree ├── nopt@3.0.6
23 silly idealTree ├── npmlog@2.0.4
23 silly idealTree ├── number-is-nan@1.0.0
23 silly idealTree ├── oauth-sign@0.8.2
23 silly idealTree ├── object-assign@3.0.0
23 silly idealTree ├── on-finished@2.3.0
23 silly idealTree ├── once@1.3.3
23 silly idealTree ├── optimist@0.3.7
23 silly idealTree ├── optjs@3.2.2
23 silly idealTree ├── os-homedir@1.0.1
23 silly idealTree ├── os-locale@1.4.0
23 silly idealTree ├── os-tmpdir@1.0.1
23 silly idealTree ├── osenv@0.1.3
23 silly idealTree ├── parse-json@2.2.0
23 silly idealTree ├── parseurl@1.3.1
23 silly idealTree ├── passport-local@1.0.0
23 silly idealTree ├── passport-strategy@1.0.0
23 silly idealTree ├── passport@0.3.2
23 silly idealTree ├── path-array@1.0.1
23 silly idealTree ├── path-is-absolute@1.0.0
23 silly idealTree ├── path-to-regexp@0.1.7
23 silly idealTree ├── pause@0.0.1
23 silly idealTree ├── pinkie-promise@2.0.1
23 silly idealTree ├── pinkie@2.0.4
23 silly idealTree ├── prepend-http@1.0.4
23 silly idealTree ├── process-nextick-args@1.0.7
23 silly idealTree ├── prop-assign@1.0.0
23 silly idealTree ├── propprop@0.3.0
23 silly idealTree ├── protobufjs@4.1.3
23 silly idealTree ├── proxy-addr@1.0.10
23 silly idealTree ├─┬ pump@1.0.1
23 silly idealTree │ └── end-of-stream@1.1.0
23 silly idealTree ├── pumpify@1.3.4
23 silly idealTree ├── qs@6.1.0
23 silly idealTree ├── range-parser@1.0.3
23 silly idealTree ├── raw-body@2.1.6
23 silly idealTree ├── read-all-stream@3.1.0
23 silly idealTree ├── readable-stream@2.0.6
23 silly idealTree ├── rebuild@0.1.2
23 silly idealTree ├── repeating@1.1.3
23 silly idealTree ├── request@2.72.0
23 silly idealTree ├── retry-request@1.2.4
23 silly idealTree ├── rgb-hex@1.0.0
23 silly idealTree ├─┬ rimraf@2.5.2
23 silly idealTree │ └── glob@7.0.3
23 silly idealTree ├── semver@5.1.0
23 silly idealTree ├── send@0.13.1
23 silly idealTree ├─┬ serve-favicon@2.3.0
23 silly idealTree │ ├── etag@1.7.0
23 silly idealTree │ ├── fresh@0.3.0
23 silly idealTree │ ├── ms@0.7.1
23 silly idealTree │ └── parseurl@1.3.1
23 silly idealTree ├── serve-static@1.10.2
23 silly idealTree ├── sigmund@1.0.1
23 silly idealTree ├── slide@1.1.6
23 silly idealTree ├── snake@0.0.1
23 silly idealTree ├── sntp@1.0.9
23 silly idealTree ├── split-array-stream@1.0.0
23 silly idealTree ├── sqlite3@3.1.4
23 silly idealTree ├─┬ sshpk@1.8.3
23 silly idealTree │ └── assert-plus@1.0.0
23 silly idealTree ├── statuses@1.2.1
23 silly idealTree ├── stream-cache@0.0.2
23 silly idealTree ├── stream-events@1.0.1
23 silly idealTree ├── streamsearch@0.1.2
23 silly idealTree ├── string_decoder@0.10.31
23 silly idealTree ├── string-format-obj@1.1.0
23 silly idealTree ├── string-template@0.2.1
23 silly idealTree ├── string-width@1.0.1
23 silly idealTree ├── stringstream@0.0.5
23 silly idealTree ├── strip-ansi@3.0.1
23 silly idealTree ├── stubs@1.1.2
23 silly idealTree ├── supports-color@2.0.0
23 silly idealTree ├── tar@2.2.1
23 silly idealTree ├── term-canvas@0.0.5
23 silly idealTree ├── through@2.3.8
23 silly idealTree ├── through2@2.0.1
23 silly idealTree ├── timed-out@2.0.0
23 silly idealTree ├── topo@1.1.0
23 silly idealTree ├── tough-cookie@2.2.2
23 silly idealTree ├── tunnel-agent@0.4.3
23 silly idealTree ├── tweetnacl@0.13.3
23 silly idealTree ├── type-is@1.6.13
23 silly idealTree ├── typedarray@0.0.6
23 silly idealTree ├── unpipe@1.0.0
23 silly idealTree ├── unzip-response@1.0.0
23 silly idealTree ├── util-deprecate@1.0.2
23 silly idealTree ├── utils-merge@1.0.0
23 silly idealTree ├── uuid@2.0.2
23 silly idealTree ├── vary@1.0.1
23 silly idealTree ├── verror@1.3.6
23 silly idealTree ├── which@1.2.9
23 silly idealTree ├── window-size@0.1.4
23 silly idealTree ├── wordwrap@0.0.3
23 silly idealTree ├── wrap-ansi@2.0.0
23 silly idealTree ├── wrappy@1.0.2
23 silly idealTree ├── write-file-atomic@1.1.4
23 silly idealTree ├── xdg-basedir@2.0.0
23 silly idealTree ├── xtend@4.0.1
23 silly idealTree ├── y18n@3.2.1
23 silly idealTree └─┬ yargs@3.32.0
23 silly idealTree   └── camelcase@2.1.1
24 silly generateActionsToTake Starting
25 silly install generateActionsToTake
26 silly rollbackFailedOptional Starting
27 silly rollbackFailedOptional Finishing
28 silly runTopLevelLifecycles Starting
29 silly runTopLevelLifecycles Finishing
30 silly install printInstalled
31 verbose stack Error: /Users/stevenkingaby/Documents/Computing/postr/backend/node_modules/node-sqlite3: Appears to be a git repo or submodule.
31 verbose stack     at /usr/local/lib/node_modules/npm/node_modules/npm-install-checks/index.js:137:15
31 verbose stack     at FSReqWrap.oncomplete (fs.js:95:15)
32 verbose cwd /Users/stevenkingaby/Documents/Computing/postr/backend
33 error Darwin 15.5.0
34 error argv "node" "/usr/local/bin/npm" "uninstall" "node-sqlite3"
35 error node v0.12.7
36 error npm  v3.9.5
37 error path /Users/stevenkingaby/Documents/Computing/postr/backend/node_modules/node-sqlite3
38 error code EISGIT
39 error git /Users/stevenkingaby/Documents/Computing/postr/backend/node_modules/node-sqlite3: Appears to be a git repo or submodule.
40 error git /Users/stevenkingaby/Documents/Computing/postr/backend/node_modules/node-sqlite3
41 error git Refusing to remove it. Update manually,
41 error git or move it out of the way first.
42 verbose exit [ 1, true ]
